SF:C:\Users\si010\source\repos\Gamestore\Gamestore.Api\Program.cs
FN:7,System.Void Program::<Main>$(System.String[])
FNDA:0,System.Void Program::<Main>$(System.String[])
DA:8,0
DA:10,0
DA:11,0
DA:13,0
DA:14,0
DA:17,0
DA:20,0
DA:21,0
DA:23,0
DA:26,0
DA:27,0
DA:28,0
DA:29,0
DA:30,0
DA:32,0
DA:34,0
DA:36,0
DA:38,0
BRDA:26,160,0,0
BRDA:26,160,1,0
LF:18
LH:0
BRF:2
BRH:0
FNF:1
FNH:0
end_of_record
SF:C:\Users\si010\source\repos\Gamestore\Gamestore.Api\Services\GameService.cs
FN:121,System.String Gamestore.Api.Services.GameService::NormalizeGameAlias(System.String)
FNDA:0,System.String Gamestore.Api.Services.GameService::NormalizeGameAlias(System.String)
DA:122,0
DA:123,0
DA:124,0
FN:13,System.Void Gamestore.Api.Services.GameService::.ctor(Gamestore.Database.Repositories.Interfaces.IGameRepository)
FNDA:12,System.Void Gamestore.Api.Services.GameService::.ctor(Gamestore.Database.Repositories.Interfaces.IGameRepository)
DA:14,12
DA:15,12
DA:16,12
DA:17,12
FN:111,Gamestore.Api.Models.DTO.GameDTO.GameResponse Gamestore.Api.Services.GameService/<>c::<GetAllGamesAsync>b__6_0(Gamestore.Database.Entities.Game)
FNDA:3,Gamestore.Api.Models.DTO.GameDTO.GameResponse Gamestore.Api.Services.GameService/<>c::<GetAllGamesAsync>b__6_0(Gamestore.Database.Entities.Game)
DA:112,3
DA:113,3
DA:114,3
DA:115,3
DA:116,3
DA:117,3
FN:19,System.Void Gamestore.Api.Services.GameService/<CreateGameAsync>d__2::MoveNext()
FNDA:3,System.Void Gamestore.Api.Services.GameService/<CreateGameAsync>d__2::MoveNext()
DA:20,3
DA:21,3
DA:23,3
DA:24,3
DA:25,3
DA:26,2
DA:27,1
DA:28,1
DA:31,1
DA:32,1
DA:33,1
DA:34,1
DA:35,1
DA:36,1
DA:37,1
DA:39,1
DA:41,1
DA:42,1
DA:43,1
DA:45,3
BRDA:24,69,0,0
BRDA:24,69,1,3
BRDA:26,254,0,1
BRDA:26,254,1,1
FN:109,System.Void Gamestore.Api.Services.GameService/<GetAllGamesAsync>d__6::MoveNext()
FNDA:1,System.Void Gamestore.Api.Services.GameService/<GetAllGamesAsync>d__6::MoveNext()
DA:110,1
DA:111,1
DA:118,1
DA:119,1
FN:47,System.Void Gamestore.Api.Services.GameService/<GetGameByAliasAsync>d__3::MoveNext()
FNDA:3,System.Void Gamestore.Api.Services.GameService/<GetGameByAliasAsync>d__3::MoveNext()
DA:48,3
DA:49,3
DA:51,3
DA:52,3
DA:53,2
DA:54,1
DA:55,1
DA:58,1
DA:59,1
DA:60,1
DA:61,1
DA:62,1
DA:63,1
DA:64,1
DA:66,1
DA:67,1
DA:68,1
DA:70,3
BRDA:53,190,0,1
BRDA:53,190,1,1
FN:95,System.Void Gamestore.Api.Services.GameService/<RemoveGameAsync>d__5::MoveNext()
FNDA:2,System.Void Gamestore.Api.Services.GameService/<RemoveGameAsync>d__5::MoveNext()
DA:96,2
DA:97,2
DA:99,2
DA:100,2
DA:101,1
DA:103,1
DA:104,1
DA:105,1
DA:107,2
FN:72,System.Void Gamestore.Api.Services.GameService/<UpdateGameAsync>d__4::MoveNext()
FNDA:3,System.Void Gamestore.Api.Services.GameService/<UpdateGameAsync>d__4::MoveNext()
DA:73,3
DA:74,3
DA:76,3
DA:77,3
DA:78,3
DA:79,2
DA:80,1
DA:81,1
DA:84,1
DA:85,1
DA:86,1
DA:87,1
DA:89,1
DA:90,1
DA:91,1
DA:93,3
BRDA:77,69,0,0
BRDA:77,69,1,3
BRDA:79,254,0,1
BRDA:79,254,1,1
LF:80
LH:77
BRF:10
BRH:8
FNF:8
FNH:7
end_of_record
SF:C:\Users\si010\source\repos\Gamestore\Gamestore.Api\Models\DTO\GameDTO\GameRequest.cs
FN:12,System.String Gamestore.Api.Models.DTO.GameDTO.GameRequest::get_GameAlias()
FNDA:26,System.String Gamestore.Api.Models.DTO.GameDTO.GameRequest::get_GameAlias()
DA:13,26
FN:18,System.String Gamestore.Api.Models.DTO.GameDTO.GameRequest::get_Name()
FNDA:13,System.String Gamestore.Api.Models.DTO.GameDTO.GameRequest::get_Name()
DA:19,13
FN:23,System.String Gamestore.Api.Models.DTO.GameDTO.GameRequest::get_Description()
FNDA:12,System.String Gamestore.Api.Models.DTO.GameDTO.GameRequest::get_Description()
DA:24,12
LF:3
LH:3
BRF:0
BRH:0
FNF:3
FNH:3
end_of_record
SF:C:\Users\si010\source\repos\Gamestore\Gamestore.Api\Models\DTO\GameDTO\GameResponse.cs
FN:10,System.String Gamestore.Api.Models.DTO.GameDTO.GameResponse::get_GameAlias()
FNDA:11,System.String Gamestore.Api.Models.DTO.GameDTO.GameResponse::get_GameAlias()
DA:11,11
FN:15,System.String Gamestore.Api.Models.DTO.GameDTO.GameResponse::get_Name()
FNDA:13,System.String Gamestore.Api.Models.DTO.GameDTO.GameResponse::get_Name()
DA:16,13
FN:20,System.String Gamestore.Api.Models.DTO.GameDTO.GameResponse::get_Description()
FNDA:7,System.String Gamestore.Api.Models.DTO.GameDTO.GameResponse::get_Description()
DA:21,7
LF:3
LH:3
BRF:0
BRH:0
FNF:3
FNH:3
end_of_record
SF:C:\Users\si010\source\repos\Gamestore\Gamestore.Api\Migrations\20231103100051_InitalMigrate.cs
FN:11,System.Void Gamestore.Api.Migrations.InitalMigrate::Up(Microsoft.EntityFrameworkCore.Migrations.MigrationBuilder)
FNDA:0,System.Void Gamestore.Api.Migrations.InitalMigrate::Up(Microsoft.EntityFrameworkCore.Migrations.MigrationBuilder)
DA:12,0
DA:13,0
DA:14,0
DA:15,0
DA:16,0
DA:17,0
DA:18,0
DA:19,0
DA:20,0
DA:21,0
DA:22,0
DA:23,0
DA:24,0
DA:26,0
DA:27,0
DA:28,0
DA:29,0
DA:30,0
DA:31,0
DA:32,0
DA:33,0
DA:34,0
DA:35,0
DA:36,0
DA:37,0
DA:39,0
DA:40,0
DA:41,0
DA:42,0
DA:43,0
DA:44,0
DA:45,0
DA:46,0
DA:47,0
DA:48,0
DA:49,0
DA:50,0
DA:51,0
DA:52,0
DA:53,0
DA:54,0
DA:55,0
DA:56,0
DA:57,0
DA:58,0
DA:59,0
DA:60,0
DA:61,0
DA:62,0
DA:63,0
DA:64,0
DA:66,0
DA:67,0
DA:68,0
DA:69,0
DA:70,0
DA:72,0
DA:73,0
DA:74,0
DA:75,0
DA:77,0
DA:78,0
DA:79,0
DA:80,0
DA:81,0
FN:84,System.Void Gamestore.Api.Migrations.InitalMigrate::Down(Microsoft.EntityFrameworkCore.Migrations.MigrationBuilder)
FNDA:0,System.Void Gamestore.Api.Migrations.InitalMigrate::Down(Microsoft.EntityFrameworkCore.Migrations.MigrationBuilder)
DA:85,0
DA:86,0
DA:87,0
DA:89,0
DA:90,0
DA:92,0
DA:93,0
DA:94,0
LF:73
LH:0
BRF:0
BRH:0
FNF:2
FNH:0
end_of_record
SF:C:\Users\si010\source\repos\Gamestore\Gamestore.Api\Migrations\20231103100051_InitalMigrate.Designer.cs
FN:19,System.Void Gamestore.Api.Migrations.InitalMigrate::BuildTargetModel(Microsoft.EntityFrameworkCore.ModelBuilder)
FNDA:0,System.Void Gamestore.Api.Migrations.InitalMigrate::BuildTargetModel(Microsoft.EntityFrameworkCore.ModelBuilder)
DA:20,0
DA:22,0
DA:23,0
DA:24,0
DA:26,0
DA:28,0
DA:29,0
DA:30,0
DA:31,0
DA:32,0
DA:33,0
DA:34,0
DA:35,0
DA:36,0
DA:37,0
DA:38,0
DA:39,0
DA:40,0
DA:41,0
DA:42,0
DA:43,0
DA:44,0
DA:45,0
DA:46,0
DA:47,0
DA:48,0
DA:49,0
DA:50,0
DA:51,0
DA:52,0
DA:53,0
DA:54,0
DA:55,0
DA:56,0
DA:57,0
DA:58,0
DA:59,0
DA:60,0
DA:61,0
DA:62,0
DA:63,0
DA:65,0
DA:66,0
DA:67,0
DA:68,0
DA:69,0
DA:70,0
DA:71,0
DA:72,0
DA:73,0
DA:74,0
DA:75,0
DA:76,0
DA:77,0
DA:78,0
DA:79,0
DA:80,0
DA:82,0
DA:83,0
DA:84,0
DA:85,0
DA:86,0
DA:87,0
DA:88,0
DA:89,0
DA:90,0
DA:91,0
DA:92,0
DA:93,0
DA:94,0
DA:95,0
DA:96,0
DA:97,0
DA:99,0
DA:100,0
DA:101,0
DA:102,0
DA:103,0
DA:104,0
DA:105,0
DA:106,0
DA:107,0
DA:108,0
DA:109,0
DA:110,0
DA:111,0
DA:112,0
DA:114,0
LF:88
LH:0
BRF:0
BRH:0
FNF:1
FNH:0
end_of_record
SF:C:\Users\si010\source\repos\Gamestore\Gamestore.Api\Migrations\GamestoreContextModelSnapshot.cs
FN:16,System.Void Gamestore.Api.Migrations.GamestoreContextModelSnapshot::BuildModel(Microsoft.EntityFrameworkCore.ModelBuilder)
FNDA:0,System.Void Gamestore.Api.Migrations.GamestoreContextModelSnapshot::BuildModel(Microsoft.EntityFrameworkCore.ModelBuilder)
DA:17,0
DA:19,0
DA:20,0
DA:21,0
DA:23,0
DA:25,0
DA:26,0
DA:27,0
DA:28,0
DA:29,0
DA:30,0
DA:31,0
DA:32,0
DA:33,0
DA:34,0
DA:35,0
DA:36,0
DA:37,0
DA:38,0
DA:39,0
DA:40,0
DA:41,0
DA:42,0
DA:43,0
DA:44,0
DA:45,0
DA:46,0
DA:47,0
DA:48,0
DA:49,0
DA:50,0
DA:51,0
DA:52,0
DA:53,0
DA:54,0
DA:55,0
DA:56,0
DA:57,0
DA:58,0
DA:59,0
DA:60,0
DA:62,0
DA:63,0
DA:64,0
DA:65,0
DA:66,0
DA:67,0
DA:68,0
DA:69,0
DA:70,0
DA:71,0
DA:72,0
DA:73,0
DA:74,0
DA:75,0
DA:76,0
DA:77,0
DA:79,0
DA:80,0
DA:81,0
DA:82,0
DA:83,0
DA:84,0
DA:85,0
DA:86,0
DA:87,0
DA:88,0
DA:89,0
DA:90,0
DA:91,0
DA:92,0
DA:93,0
DA:94,0
DA:96,0
DA:97,0
DA:98,0
DA:99,0
DA:100,0
DA:101,0
DA:102,0
DA:103,0
DA:104,0
DA:105,0
DA:106,0
DA:107,0
DA:108,0
DA:109,0
DA:111,0
LF:88
LH:0
BRF:0
BRH:0
FNF:1
FNH:0
end_of_record
SF:C:\Users\si010\source\repos\Gamestore\Gamestore.Api\Controllers\GameController.cs
FN:131,System.String Gamestore.Api.Controllers.GameController::GenerateGameFileContent(Gamestore.Api.Models.DTO.GameDTO.GameResponse)
FNDA:1,System.String Gamestore.Api.Controllers.GameController::GenerateGameFileContent(Gamestore.Api.Models.DTO.GameDTO.GameResponse)
DA:132,1
DA:133,1
DA:134,1
DA:135,1
DA:136,1
DA:137,1
FN:143,System.Collections.Generic.List`1<System.String> Gamestore.Api.Controllers.GameController::GetErrorMessages()
FNDA:2,System.Collections.Generic.List`1<System.String> Gamestore.Api.Controllers.GameController::GetErrorMessages()
DA:144,2
DA:145,2
DA:146,2
DA:147,2
DA:148,2
DA:149,2
FN:13,System.Void Gamestore.Api.Controllers.GameController::.ctor(Gamestore.Api.Services.Interfaces.IGameService)
FNDA:15,System.Void Gamestore.Api.Controllers.GameController::.ctor(Gamestore.Api.Services.Interfaces.IGameService)
DA:14,15
DA:15,15
DA:16,15
DA:17,15
FN:25,System.Void Gamestore.Api.Controllers.GameController/<CreateGame>d__2::MoveNext()
FNDA:3,System.Void Gamestore.Api.Controllers.GameController/<CreateGame>d__2::MoveNext()
DA:26,3
DA:27,3
DA:28,1
DA:29,1
DA:32,2
DA:34,2
DA:35,2
DA:36,2
DA:37,3
BRDA:27,39,0,1
BRDA:27,39,1,2
BRDA:34,264,0,1
BRDA:34,264,1,1
FN:94,System.Void Gamestore.Api.Controllers.GameController/<DownloadGame>d__6::MoveNext()
FNDA:2,System.Void Gamestore.Api.Controllers.GameController/<DownloadGame>d__6::MoveNext()
DA:95,2
DA:96,2
DA:98,2
DA:99,1
DA:100,1
DA:103,1
DA:104,1
DA:105,1
DA:106,1
DA:107,1
DA:108,2
BRDA:98,232,0,1
BRDA:98,232,1,1
FN:117,System.Void Gamestore.Api.Controllers.GameController/<GetAllGames>d__7::MoveNext()
FNDA:2,System.Void Gamestore.Api.Controllers.GameController/<GetAllGames>d__7::MoveNext()
DA:118,2
DA:119,2
DA:121,2
DA:122,2
DA:123,2
DA:124,2
BRDA:121,151,0,2
BRDA:121,164,0,1
BRDA:121,151,1,1
BRDA:121,164,1,1
FN:45,System.Void Gamestore.Api.Controllers.GameController/<GetGame>d__3::MoveNext()
FNDA:3,System.Void Gamestore.Api.Controllers.GameController/<GetGame>d__3::MoveNext()
DA:46,3
DA:47,3
DA:49,3
DA:50,3
DA:51,3
DA:52,3
BRDA:49,225,0,1
BRDA:49,225,1,2
FN:80,System.Void Gamestore.Api.Controllers.GameController/<RemoveGame>d__5::MoveNext()
FNDA:2,System.Void Gamestore.Api.Controllers.GameController/<RemoveGame>d__5::MoveNext()
DA:81,2
DA:82,2
DA:83,2
DA:84,2
DA:85,2
DA:86,2
BRDA:83,208,0,1
BRDA:83,208,1,1
FN:60,System.Void Gamestore.Api.Controllers.GameController/<UpdateGame>d__4::MoveNext()
FNDA:3,System.Void Gamestore.Api.Controllers.GameController/<UpdateGame>d__4::MoveNext()
DA:61,3
DA:62,3
DA:63,1
DA:64,1
DA:67,2
DA:69,2
DA:70,2
DA:71,2
DA:72,3
BRDA:62,39,0,1
BRDA:62,39,1,2
BRDA:69,264,0,1
BRDA:69,264,1,1
LF:63
LH:63
BRF:18
BRH:18
FNF:9
FNH:9
end_of_record
SF:C:\Users\si010\source\repos\Gamestore\Gamestore.DataBase\Repositories\GameRepository.cs
FN:12,System.Void Gamestore.Database.Repositories.GameRepository::.ctor(Gamestore.Database.Dbcontext.GamestoreContext)
FNDA:9,System.Void Gamestore.Database.Repositories.GameRepository::.ctor(Gamestore.Database.Dbcontext.GamestoreContext)
DA:13,9
DA:14,9
DA:15,9
DA:16,9
FN:33,System.Void Gamestore.Database.Repositories.GameRepository/<AddAsync>d__5::MoveNext()
FNDA:1,System.Void Gamestore.Database.Repositories.GameRepository/<AddAsync>d__5::MoveNext()
DA:34,1
DA:35,1
DA:36,1
DA:37,1
FN:28,System.Void Gamestore.Database.Repositories.GameRepository/<GetAllAsync>d__4::MoveNext()
FNDA:1,System.Void Gamestore.Database.Repositories.GameRepository/<GetAllAsync>d__4::MoveNext()
DA:29,1
DA:30,1
DA:31,1
FN:23,System.Void Gamestore.Database.Repositories.GameRepository/<GetByAliasAsync>d__3::MoveNext()
FNDA:3,System.Void Gamestore.Database.Repositories.GameRepository/<GetByAliasAsync>d__3::MoveNext()
DA:24,3
DA:25,3
DA:26,3
FN:18,System.Void Gamestore.Database.Repositories.GameRepository/<GetByIdAsync>d__2::MoveNext()
FNDA:2,System.Void Gamestore.Database.Repositories.GameRepository/<GetByIdAsync>d__2::MoveNext()
DA:19,2
DA:20,2
DA:21,2
FN:45,System.Void Gamestore.Database.Repositories.GameRepository/<RemoveAsync>d__7::MoveNext()
FNDA:1,System.Void Gamestore.Database.Repositories.GameRepository/<RemoveAsync>d__7::MoveNext()
DA:46,1
DA:47,1
DA:48,1
DA:49,1
DA:50,1
FN:39,System.Void Gamestore.Database.Repositories.GameRepository/<UpdateAsync>d__6::MoveNext()
FNDA:1,System.Void Gamestore.Database.Repositories.GameRepository/<UpdateAsync>d__6::MoveNext()
DA:40,1
DA:41,1
DA:42,1
DA:43,1
LF:26
LH:26
BRF:0
BRH:0
FNF:7
FNH:7
end_of_record
SF:C:\Users\si010\source\repos\Gamestore\Gamestore.DataBase\Entities\Game.cs
FN:10,System.Int32 Gamestore.Database.Entities.Game::get_Id()
FNDA:5,System.Int32 Gamestore.Database.Entities.Game::get_Id()
DA:11,5
FN:12,System.String Gamestore.Database.Entities.Game::get_GameAlias()
FNDA:28,System.String Gamestore.Database.Entities.Game::get_GameAlias()
DA:13,28
FN:14,System.String Gamestore.Database.Entities.Game::get_Name()
FNDA:31,System.String Gamestore.Database.Entities.Game::get_Name()
DA:15,31
FN:16,System.String Gamestore.Database.Entities.Game::get_Description()
FNDA:18,System.String Gamestore.Database.Entities.Game::get_Description()
DA:17,18
FN:18,Gamestore.Database.Entities.Genre Gamestore.Database.Entities.Game::get_Genre()
FNDA:0,Gamestore.Database.Entities.Genre Gamestore.Database.Entities.Game::get_Genre()
DA:19,0
FN:20,Gamestore.Database.Entities.Platform Gamestore.Database.Entities.Game::get_Platforms()
FNDA:0,Gamestore.Database.Entities.Platform Gamestore.Database.Entities.Game::get_Platforms()
DA:21,0
LF:6
LH:4
BRF:0
BRH:0
FNF:6
FNH:4
end_of_record
SF:C:\Users\si010\source\repos\Gamestore\Gamestore.DataBase\Entities\Genre.cs
FN:4,System.Int32 Gamestore.Database.Entities.Genre::get_Id()
FNDA:0,System.Int32 Gamestore.Database.Entities.Genre::get_Id()
DA:5,0
FN:6,System.String Gamestore.Database.Entities.Genre::get_Name()
FNDA:0,System.String Gamestore.Database.Entities.Genre::get_Name()
DA:7,0
LF:2
LH:0
BRF:0
BRH:0
FNF:2
FNH:0
end_of_record
SF:C:\Users\si010\source\repos\Gamestore\Gamestore.DataBase\Entities\Platform.cs
FN:4,System.Int32 Gamestore.Database.Entities.Platform::get_Id()
FNDA:0,System.Int32 Gamestore.Database.Entities.Platform::get_Id()
DA:5,0
FN:6,System.String Gamestore.Database.Entities.Platform::get_Type()
FNDA:0,System.String Gamestore.Database.Entities.Platform::get_Type()
DA:7,0
LF:2
LH:0
BRF:0
BRH:0
FNF:2
FNH:0
end_of_record
SF:C:\Users\si010\source\repos\Gamestore\Gamestore.DataBase\Dbcontext\GamestoreContext.cs
FN:12,Microsoft.EntityFrameworkCore.DbSet`1<Gamestore.Database.Entities.Game> Gamestore.Database.Dbcontext.GamestoreContext::get_Games()
FNDA:26,Microsoft.EntityFrameworkCore.DbSet`1<Gamestore.Database.Entities.Game> Gamestore.Database.Dbcontext.GamestoreContext::get_Games()
DA:13,26
FN:14,Microsoft.EntityFrameworkCore.DbSet`1<Gamestore.Database.Entities.Genre> Gamestore.Database.Dbcontext.GamestoreContext::get_Genres()
FNDA:9,Microsoft.EntityFrameworkCore.DbSet`1<Gamestore.Database.Entities.Genre> Gamestore.Database.Dbcontext.GamestoreContext::get_Genres()
DA:15,9
FN:16,Microsoft.EntityFrameworkCore.DbSet`1<Gamestore.Database.Entities.Platform> Gamestore.Database.Dbcontext.GamestoreContext::get_Platforms()
FNDA:9,Microsoft.EntityFrameworkCore.DbSet`1<Gamestore.Database.Entities.Platform> Gamestore.Database.Dbcontext.GamestoreContext::get_Platforms()
DA:17,9
FN:8,System.Void Gamestore.Database.Dbcontext.GamestoreContext::.ctor(Microsoft.EntityFrameworkCore.DbContextOptions`1<Gamestore.Database.Dbcontext.GamestoreContext>)
FNDA:9,System.Void Gamestore.Database.Dbcontext.GamestoreContext::.ctor(Microsoft.EntityFrameworkCore.DbContextOptions`1<Gamestore.Database.Dbcontext.GamestoreContext>)
DA:9,9
DA:10,9
DA:11,9
LF:6
LH:6
BRF:0
BRH:0
FNF:4
FNH:4
end_of_record